\BOOKMARK [1][-]{section.1}{\376\377\000I\000n\000f\000o\000r\000m\000a\000c\000i\000\363\000n\000\040\000G\000e\000n\000e\000r\000a\000l}{}% 1
\BOOKMARK [1][-]{section.2}{\376\377\000F\000u\000n\000c\000i\000o\000n\000a\000l\000i\000d\000a\000d\000\040\000I\000m\000p\000l\000e\000m\000e\000n\000t\000a\000d\000a}{}% 2
\BOOKMARK [2][-]{subsection.2.1}{\376\377\000D\000e\000s\000c\000r\000i\000p\000c\000i\000\363\000n\000\040\000d\000e\000\040\000l\000a\000\040\000F\000u\000n\000c\000i\000o\000n\000a\000l\000i\000d\000a\000d}{section.2}% 3
\BOOKMARK [2][-]{subsection.2.2}{\376\377\000O\000b\000j\000e\000t\000i\000v\000o}{section.2}% 4
\BOOKMARK [2][-]{subsection.2.3}{\376\377\000R\000e\000q\000u\000e\000r\000i\000m\000i\000e\000n\000t\000o\000s\000\040\000I\000n\000v\000o\000l\000u\000c\000r\000a\000d\000o\000s}{section.2}% 5
\BOOKMARK [1][-]{section.3}{\376\377\000D\000e\000s\000a\000r\000r\000o\000l\000l\000o\000\040\000R\000e\000a\000l\000i\000z\000a\000d\000o}{}% 6
\BOOKMARK [2][-]{subsection.3.1}{\376\377\000A\000r\000q\000u\000i\000t\000e\000c\000t\000u\000r\000a\000\040\000U\000t\000i\000l\000i\000z\000a\000d\000a}{section.3}% 7
\BOOKMARK [2][-]{subsection.3.2}{\376\377\000C\000l\000a\000s\000e\000s\000\040\000o\000\040\000M\000\363\000d\000u\000l\000o\000s\000\040\000D\000e\000s\000a\000r\000r\000o\000l\000l\000a\000d\000o\000s}{section.3}% 8
\BOOKMARK [2][-]{subsection.3.3}{\376\377\000C\000a\000p\000t\000u\000r\000a\000s\000\040\000d\000e\000l\000\040\000S\000i\000s\000t\000e\000m\000a\000\040\000F\000u\000n\000c\000i\000o\000n\000a\000n\000d\000o}{section.3}% 9
\BOOKMARK [1][-]{section.4}{\376\377\000A\000c\000t\000i\000v\000i\000d\000a\000d\000e\000s\000\040\000d\000e\000\040\000D\000e\000b\000u\000g\000g\000i\000n\000g}{}% 10
\BOOKMARK [2][-]{subsection.4.1}{\376\377\000E\000r\000r\000o\000r\000\040\0001\000:\000\040\000C\000l\000a\000s\000e\000s\000\040\000b\000o\000r\000d\000e\000r\000-\000b\000o\000r\000d\000e\000r\000,\000\040\000b\000g\000-\000b\000a\000c\000k\000g\000r\000o\000u\000n\000d\000,\000\040\000t\000e\000x\000t\000-\000f\000o\000r\000e\000g\000r\000o\000u\000n\000d\000\040\000n\000o\000\040\000e\000x\000i\000s\000t\000e\000n}{section.4}% 11
\BOOKMARK [2][-]{subsection.4.2}{\376\377\000E\000r\000r\000o\000r\000\040\0002\000:\000\040\000C\000o\000n\000f\000l\000i\000c\000t\000o\000s\000\040\000a\000l\000\040\000f\000u\000s\000i\000o\000n\000a\000r\000\040\000p\0001\000-\000f\000r\000o\000n\000t\000e\000n\000d\000-\000b\000a\000s\000e\000\040\000c\000o\000n\000\040\000d\000e\000v}{section.4}% 12
\BOOKMARK [2][-]{subsection.4.3}{\376\377\000E\000r\000r\000o\000r\000\040\0003\000:\000\040\000M\000\363\000d\000u\000l\000o\000s\000\040\000d\000e\000\040\000b\000a\000c\000k\000e\000n\000d\000\040\000n\000o\000\040\000e\000n\000c\000o\000n\000t\000r\000a\000d\000o\000s\000\040\000t\000r\000a\000s\000\040\000m\000e\000r\000g\000e}{section.4}% 13
\BOOKMARK [2][-]{subsection.4.4}{\376\377\000E\000r\000r\000o\000r\000\040\0004\000:\000\040\000G\000u\000a\000r\000d\000s\000\040\000d\000e\000\040\000r\000u\000t\000a\000\040\000a\000p\000u\000n\000t\000a\000n\000d\000o\000\040\000a\000\040\000l\000a\000\040\000r\000e\000d\000i\000r\000e\000c\000c\000i\000\363\000n\000\040\000a\000n\000t\000e\000r\000i\000o\000r}{section.4}% 14
\BOOKMARK [1][-]{section.5}{\376\377\000P\000r\000u\000e\000b\000a\000s\000\040\000R\000e\000a\000l\000i\000z\000a\000d\000a\000s}{}% 15
\BOOKMARK [1][-]{section.6}{\376\377\000C\000o\000n\000c\000l\000u\000s\000i\000o\000n\000e\000s}{}% 16
\BOOKMARK [1][-]{section.7}{\376\377\000A\000n\000e\000x\000o\000s}{}% 17
\BOOKMARK [2][-]{subsection.7.1}{\376\377\000E\000n\000l\000a\000c\000e\000\040\000d\000e\000l\000\040\000R\000e\000p\000o\000s\000i\000t\000o\000r\000i\000o}{section.7}% 18
\BOOKMARK [2][-]{subsection.7.2}{\376\377\000S\000c\000r\000i\000p\000t\000\040\000d\000e\000\040\000B\000a\000s\000e\000\040\000d\000e\000\040\000D\000a\000t\000o\000s}{section.7}% 19
\BOOKMARK [2][-]{subsection.7.3}{\376\377\000H\000i\000s\000t\000o\000r\000i\000a\000l\000\040\000d\000e\000\040\000C\000o\000m\000m\000i\000t\000s\000\040\000\050\000G\000i\000t\000\040\000L\000o\000g\000\051}{section.7}% 20
